#-----------------------------------------------------------
# Vivado v2018.2 (64-bit)
# SW Build 2258646 on Thu Jun 14 20:03:12 MDT 2018
# IP Build 2256618 on Thu Jun 14 22:10:49 MDT 2018
# Start of session at: Fri Jun  7 17:45:47 2019
# Process ID: 14828
# Current directory: C:/Users/bowen/Desktop/final_exam
# Command line: vivado.exe -gui_launcher_event rodinguilauncherevent15804 C:\Users\bowen\Desktop\final_exam\final_exam.xpr
# Log file: C:/Users/bowen/Desktop/final_exam/vivado.log
# Journal file: C:/Users/bowen/Desktop/final_exam\vivado.jou
#-----------------------------------------------------------
start_gui
open_project C:/Users/bowen/Desktop/final_exam/final_exam.xpr
Scanning sources...
Finished scanning sources
INFO: [IP_Flow 19-234] Refreshing IP repositories
INFO: [IP_Flow 19-1704] No user IP repositories specified
INFO: [IP_Flow 19-2313] Loaded Vivado IP repository 'C:/Xilinx/Vivado/2018.2/data/ip'.
open_project: Time (s): cpu = 00:00:46 ; elapsed = 00:00:23 . Memory (MB): peak = 841.582 ; gain = 64.906
exit
INFO: [Common 17-206] Exiting Vivado at Fri Jun  7 17:53:29 2019...
